{"C:\\Users\\wen\\.gemini\\antigravity\\scratch\\smart-stock\\frontend\\v4\\src\\mockData.ts": {"path":"C:\\Users\\wen\\.gemini\\antigravity\\scratch\\smart-stock\\frontend\\v4\\src\\mockData.ts","statementMap":{"0":{"start":{"line":1,"column":34},"end":{"line":13,"column":null}},"1":{"start":{"line":15,"column":31},"end":{"line":37,"column":null}},"2":{"start":{"line":39,"column":29},"end":{"line":75,"column":null}},"3":{"start":{"line":77,"column":33},"end":{"line":83,"column":null}}},"fnMap":{},"branchMap":{},"s":{"0":2,"1":2,"2":2,"3":2},"f":{},"b":{},"meta":{"lastBranch":0,"lastFunction":0,"lastStatement":4,"seen":{"s:1:34:13:Infinity":0,"s:15:31:37:Infinity":1,"s:39:29:75:Infinity":2,"s:77:33:83:Infinity":3}}}
,"C:\\Users\\wen\\.gemini\\antigravity\\scratch\\smart-stock\\frontend\\v4\\src\\components\\StockList.tsx": {"path":"C:\\Users\\wen\\.gemini\\antigravity\\scratch\\smart-stock\\frontend\\v4\\src\\components\\StockList.tsx","statementMap":{"0":{"start":{"line":29,"column":24},"end":{"line":38,"column":null}},"1":{"start":{"line":30,"column":4},"end":{"line":32,"column":null}},"2":{"start":{"line":31,"column":8},"end":{"line":31,"column":null}},"3":{"start":{"line":33,"column":27},"end":{"line":33,"column":null}},"4":{"start":{"line":34,"column":4},"end":{"line":34,"column":null}},"5":{"start":{"line":34,"column":25},"end":{"line":34,"column":null}},"6":{"start":{"line":35,"column":4},"end":{"line":35,"column":null}},"7":{"start":{"line":35,"column":30},"end":{"line":35,"column":null}},"8":{"start":{"line":36,"column":4},"end":{"line":36,"column":null}},"9":{"start":{"line":36,"column":30},"end":{"line":36,"column":null}},"10":{"start":{"line":37,"column":4},"end":{"line":37,"column":null}},"11":{"start":{"line":40,"column":24},"end":{"line":48,"column":null}},"12":{"start":{"line":41,"column":20},"end":{"line":41,"column":null}},"13":{"start":{"line":42,"column":21},"end":{"line":42,"column":null}},"14":{"start":{"line":43,"column":4},"end":{"line":43,"column":null}},"15":{"start":{"line":43,"column":44},"end":{"line":43,"column":null}},"16":{"start":{"line":44,"column":4},"end":{"line":46,"column":null}},"17":{"start":{"line":44,"column":17},"end":{"line":44,"column":20}},"18":{"start":{"line":45,"column":8},"end":{"line":45,"column":null}},"19":{"start":{"line":45,"column":40},"end":{"line":45,"column":null}},"20":{"start":{"line":47,"column":4},"end":{"line":47,"column":null}},"21":{"start":{"line":50,"column":22},"end":{"line":61,"column":null}},"22":{"start":{"line":54,"column":4},"end":{"line":54,"column":null}},"23":{"start":{"line":54,"column":25},"end":{"line":54,"column":null}},"24":{"start":{"line":55,"column":4},"end":{"line":55,"column":null}},"25":{"start":{"line":55,"column":25},"end":{"line":55,"column":null}},"26":{"start":{"line":56,"column":4},"end":{"line":59,"column":null}},"27":{"start":{"line":63,"column":44},"end":{"line":152,"column":null}},"28":{"start":{"line":65,"column":90},"end":{"line":69,"column":null}},"29":{"start":{"line":71,"column":10},"end":{"line":75,"column":null}},"30":{"start":{"line":74,"column":8},"end":{"line":74,"column":null}},"31":{"start":{"line":74,"column":34},"end":{"line":74,"column":42}},"32":{"start":{"line":78,"column":49},"end":{"line":86,"column":null}},"33":{"start":{"line":88,"column":25},"end":{"line":88,"column":null}},"34":{"start":{"line":91,"column":10},"end":{"line":127,"column":null}},"35":{"start":{"line":92,"column":8},"end":{"line":94,"column":null}},"36":{"start":{"line":93,"column":12},"end":{"line":93,"column":null}},"37":{"start":{"line":96,"column":25},"end":{"line":96,"column":null}},"38":{"start":{"line":97,"column":21},"end":{"line":125,"column":null}},"39":{"start":{"line":98,"column":25},"end":{"line":98,"column":null}},"40":{"start":{"line":99,"column":12},"end":{"line":101,"column":null}},"41":{"start":{"line":100,"column":16},"end":{"line":100,"column":null}},"42":{"start":{"line":103,"column":34},"end":{"line":103,"column":null}},"43":{"start":{"line":104,"column":32},"end":{"line":104,"column":null}},"44":{"start":{"line":106,"column":16},"end":{"line":110,"column":null}},"45":{"start":{"line":112,"column":12},"end":{"line":114,"column":null}},"46":{"start":{"line":113,"column":16},"end":{"line":113,"column":null}},"47":{"start":{"line":116,"column":12},"end":{"line":116,"column":null}},"48":{"start":{"line":117,"column":12},"end":{"line":124,"column":null}},"49":{"start":{"line":126,"column":8},"end":{"line":126,"column":null}},"50":{"start":{"line":129,"column":4},"end":{"line":133,"column":null}},"51":{"start":{"line":130,"column":8},"end":{"line":132,"column":null}},"52":{"start":{"line":131,"column":12},"end":{"line":131,"column":null}},"53":{"start":{"line":135,"column":20},"end":{"line":135,"column":null}},"54":{"start":{"line":137,"column":4},"end":{"line":139,"column":null}},"55":{"start":{"line":138,"column":8},"end":{"line":138,"column":null}},"56":{"start":{"line":141,"column":4},"end":{"line":143,"column":null}},"57":{"start":{"line":142,"column":8},"end":{"line":142,"column":null}},"58":{"start":{"line":145,"column":4},"end":{"line":150,"column":null}}},"fnMap":{"0":{"name":"(anonymous_0)","decl":{"start":{"line":29,"column":24},"end":{"line":29,"column":25}},"loc":{"start":{"line":29,"column":65},"end":{"line":38,"column":null}},"line":29},"1":{"name":"(anonymous_1)","decl":{"start":{"line":40,"column":24},"end":{"line":40,"column":25}},"loc":{"start":{"line":40,"column":72},"end":{"line":48,"column":null}},"line":40},"2":{"name":"(anonymous_2)","decl":{"start":{"line":50,"column":22},"end":{"line":50,"column":null}},"loc":{"start":{"line":53,"column":14},"end":{"line":61,"column":null}},"line":53},"3":{"name":"(anonymous_3)","decl":{"start":{"line":63,"column":44},"end":{"line":63,"column":45}},"loc":{"start":{"line":63,"column":78},"end":{"line":152,"column":null}},"line":63},"4":{"name":"(anonymous_4)","decl":{"start":{"line":71,"column":31},"end":{"line":71,"column":37}},"loc":{"start":{"line":71,"column":37},"end":{"line":75,"column":7}},"line":71},"5":{"name":"(anonymous_5)","decl":{"start":{"line":74,"column":29},"end":{"line":74,"column":34}},"loc":{"start":{"line":74,"column":34},"end":{"line":74,"column":42}},"line":74},"6":{"name":"(anonymous_6)","decl":{"start":{"line":91,"column":35},"end":{"line":91,"column":41}},"loc":{"start":{"line":91,"column":41},"end":{"line":127,"column":7}},"line":91},"7":{"name":"(anonymous_7)","decl":{"start":{"line":97,"column":35},"end":{"line":97,"column":36}},"loc":{"start":{"line":97,"column":46},"end":{"line":125,"column":9}},"line":97},"8":{"name":"(anonymous_8)","decl":{"start":{"line":129,"column":14},"end":{"line":129,"column":20}},"loc":{"start":{"line":129,"column":20},"end":{"line":133,"column":7}},"line":129}},"branchMap":{"0":{"loc":{"start":{"line":30,"column":4},"end":{"line":32,"column":null}},"type":"if","locations":[{"start":{"line":30,"column":4},"end":{"line":32,"column":null}},{"start":{},"end":{}}],"line":30},"1":{"loc":{"start":{"line":34,"column":4},"end":{"line":34,"column":null}},"type":"if","locations":[{"start":{"line":34,"column":4},"end":{"line":34,"column":null}},{"start":{},"end":{}}],"line":34},"2":{"loc":{"start":{"line":35,"column":4},"end":{"line":35,"column":null}},"type":"if","locations":[{"start":{"line":35,"column":4},"end":{"line":35,"column":null}},{"start":{},"end":{}}],"line":35},"3":{"loc":{"start":{"line":36,"column":4},"end":{"line":36,"column":null}},"type":"if","locations":[{"start":{"line":36,"column":4},"end":{"line":36,"column":null}},{"start":{},"end":{}}],"line":36},"4":{"loc":{"start":{"line":41,"column":20},"end":{"line":41,"column":null}},"type":"binary-expr","locations":[{"start":{"line":41,"column":20},"end":{"line":41,"column":28}},{"start":{"line":41,"column":28},"end":{"line":41,"column":null}}],"line":41},"5":{"loc":{"start":{"line":42,"column":21},"end":{"line":42,"column":null}},"type":"binary-expr","locations":[{"start":{"line":42,"column":21},"end":{"line":42,"column":30}},{"start":{"line":42,"column":30},"end":{"line":42,"column":null}}],"line":42},"6":{"loc":{"start":{"line":43,"column":4},"end":{"line":43,"column":null}},"type":"if","locations":[{"start":{"line":43,"column":4},"end":{"line":43,"column":null}},{"start":{},"end":{}}],"line":43},"7":{"loc":{"start":{"line":45,"column":8},"end":{"line":45,"column":null}},"type":"if","locations":[{"start":{"line":45,"column":8},"end":{"line":45,"column":null}},{"start":{},"end":{}}],"line":45},"8":{"loc":{"start":{"line":54,"column":4},"end":{"line":54,"column":null}},"type":"if","locations":[{"start":{"line":54,"column":4},"end":{"line":54,"column":null}},{"start":{},"end":{}}],"line":54},"9":{"loc":{"start":{"line":54,"column":8},"end":{"line":54,"column":25}},"type":"binary-expr","locations":[{"start":{"line":54,"column":8},"end":{"line":54,"column":17}},{"start":{"line":54,"column":17},"end":{"line":54,"column":25}}],"line":54},"10":{"loc":{"start":{"line":55,"column":4},"end":{"line":55,"column":null}},"type":"if","locations":[{"start":{"line":55,"column":4},"end":{"line":55,"column":null}},{"start":{},"end":{}}],"line":55},"11":{"loc":{"start":{"line":55,"column":8},"end":{"line":55,"column":25}},"type":"binary-expr","locations":[{"start":{"line":55,"column":8},"end":{"line":55,"column":17}},{"start":{"line":55,"column":17},"end":{"line":55,"column":25}}],"line":55},"12":{"loc":{"start":{"line":57,"column":8},"end":{"line":59,"column":null}},"type":"binary-expr","locations":[{"start":{"line":57,"column":8},"end":{"line":57,"column":null}},{"start":{"line":58,"column":8},"end":{"line":58,"column":null}},{"start":{"line":59,"column":8},"end":{"line":59,"column":null}}],"line":57},"13":{"loc":{"start":{"line":79,"column":8},"end":{"line":79,"column":null}},"type":"cond-expr","locations":[{"start":{"line":79,"column":21},"end":{"line":79,"column":60}},{"start":{"line":79,"column":60},"end":{"line":79,"column":null}}],"line":79},"14":{"loc":{"start":{"line":92,"column":8},"end":{"line":94,"column":null}},"type":"if","locations":[{"start":{"line":92,"column":8},"end":{"line":94,"column":null}},{"start":{},"end":{}}],"line":92},"15":{"loc":{"start":{"line":92,"column":12},"end":{"line":92,"column":73}},"type":"binary-expr","locations":[{"start":{"line":92,"column":12},"end":{"line":92,"column":33}},{"start":{"line":92,"column":33},"end":{"line":92,"column":73}}],"line":92},"16":{"loc":{"start":{"line":99,"column":12},"end":{"line":101,"column":null}},"type":"if","locations":[{"start":{"line":99,"column":12},"end":{"line":101,"column":null}},{"start":{},"end":{}}],"line":99},"17":{"loc":{"start":{"line":104,"column":32},"end":{"line":104,"column":null}},"type":"cond-expr","locations":[{"start":{"line":104,"column":59},"end":{"line":104,"column":75}},{"start":{"line":104,"column":75},"end":{"line":104,"column":null}}],"line":104},"18":{"loc":{"start":{"line":106,"column":16},"end":{"line":110,"column":null}},"type":"binary-expr","locations":[{"start":{"line":106,"column":16},"end":{"line":106,"column":null}},{"start":{"line":107,"column":16},"end":{"line":107,"column":null}},{"start":{"line":108,"column":16},"end":{"line":108,"column":null}},{"start":{"line":109,"column":16},"end":{"line":109,"column":null}},{"start":{"line":110,"column":16},"end":{"line":110,"column":null}}],"line":106},"19":{"loc":{"start":{"line":112,"column":12},"end":{"line":114,"column":null}},"type":"if","locations":[{"start":{"line":112,"column":12},"end":{"line":114,"column":null}},{"start":{},"end":{}}],"line":112},"20":{"loc":{"start":{"line":126,"column":15},"end":{"line":126,"column":null}},"type":"cond-expr","locations":[{"start":{"line":126,"column":28},"end":{"line":126,"column":35}},{"start":{"line":126,"column":35},"end":{"line":126,"column":null}}],"line":126},"21":{"loc":{"start":{"line":130,"column":8},"end":{"line":132,"column":null}},"type":"if","locations":[{"start":{"line":130,"column":8},"end":{"line":132,"column":null}},{"start":{},"end":{}}],"line":130},"22":{"loc":{"start":{"line":130,"column":12},"end":{"line":130,"column":80}},"type":"binary-expr","locations":[{"start":{"line":130,"column":12},"end":{"line":130,"column":34}},{"start":{"line":130,"column":34},"end":{"line":130,"column":63}},{"start":{"line":130,"column":63},"end":{"line":130,"column":80}}],"line":130},"23":{"loc":{"start":{"line":135,"column":20},"end":{"line":135,"column":null}},"type":"binary-expr","locations":[{"start":{"line":135,"column":20},"end":{"line":135,"column":41}},{"start":{"line":135,"column":41},"end":{"line":135,"column":null}}],"line":135},"24":{"loc":{"start":{"line":137,"column":4},"end":{"line":139,"column":null}},"type":"if","locations":[{"start":{"line":137,"column":4},"end":{"line":139,"column":null}},{"start":{},"end":{}}],"line":137},"25":{"loc":{"start":{"line":137,"column":8},"end":{"line":137,"column":38}},"type":"binary-expr","locations":[{"start":{"line":137,"column":8},"end":{"line":137,"column":19}},{"start":{"line":137,"column":19},"end":{"line":137,"column":38}}],"line":137},"26":{"loc":{"start":{"line":141,"column":4},"end":{"line":143,"column":null}},"type":"if","locations":[{"start":{"line":141,"column":4},"end":{"line":143,"column":null}},{"start":{},"end":{}}],"line":141}},"s":{"0":1,"1":6,"2":0,"3":6,"4":6,"5":3,"6":6,"7":3,"8":6,"9":0,"10":6,"11":1,"12":0,"13":0,"14":0,"15":0,"16":0,"17":0,"18":0,"19":0,"20":0,"21":1,"22":6,"23":0,"24":6,"25":0,"26":6,"27":1,"28":5,"29":5,"30":5,"31":6,"32":5,"33":5,"34":5,"35":5,"36":1,"37":4,"38":4,"39":6,"40":6,"41":0,"42":6,"43":6,"44":6,"45":6,"46":0,"47":6,"48":6,"49":4,"50":5,"51":5,"52":3,"53":5,"54":5,"55":1,"56":4,"57":1,"58":3},"f":{"0":6,"1":0,"2":6,"3":5,"4":5,"5":6,"6":5,"7":6,"8":5},"b":{"0":[0,6],"1":[3,3],"2":[3,3],"3":[0,6],"4":[0,0],"5":[0,0],"6":[0,0],"7":[0,0],"8":[0,6],"9":[6,0],"10":[0,6],"11":[6,6],"12":[6,3,0],"13":[3,2],"14":[1,4],"15":[5,4],"16":[0,6],"17":[6,0],"18":[6,0,0,0,0],"19":[0,6],"20":[3,1],"21":[3,2],"22":[5,4,3],"23":[5,4],"24":[1,4],"25":[5,1],"26":[1,3]},"meta":{"lastBranch":27,"lastFunction":9,"lastStatement":59,"seen":{"s:29:24:38:Infinity":0,"f:29:24:29:25":0,"b:30:4:32:Infinity:undefined:undefined:undefined:undefined":0,"s:30:4:32:Infinity":1,"s:31:8:31:Infinity":2,"s:33:27:33:Infinity":3,"b:34:4:34:Infinity:undefined:undefined:undefined:undefined":1,"s:34:4:34:Infinity":4,"s:34:25:34:Infinity":5,"b:35:4:35:Infinity:undefined:undefined:undefined:undefined":2,"s:35:4:35:Infinity":6,"s:35:30:35:Infinity":7,"b:36:4:36:Infinity:undefined:undefined:undefined:undefined":3,"s:36:4:36:Infinity":8,"s:36:30:36:Infinity":9,"s:37:4:37:Infinity":10,"s:40:24:48:Infinity":11,"f:40:24:40:25":1,"s:41:20:41:Infinity":12,"b:41:20:41:28:41:28:41:Infinity":4,"s:42:21:42:Infinity":13,"b:42:21:42:30:42:30:42:Infinity":5,"b:43:4:43:Infinity:undefined:undefined:undefined:undefined":6,"s:43:4:43:Infinity":14,"s:43:44:43:Infinity":15,"s:44:4:46:Infinity":16,"s:44:17:44:20":17,"b:45:8:45:Infinity:undefined:undefined:undefined:undefined":7,"s:45:8:45:Infinity":18,"s:45:40:45:Infinity":19,"s:47:4:47:Infinity":20,"s:50:22:61:Infinity":21,"f:50:22:50:Infinity":2,"b:54:4:54:Infinity:undefined:undefined:undefined:undefined":8,"s:54:4:54:Infinity":22,"b:54:8:54:17:54:17:54:25":9,"s:54:25:54:Infinity":23,"b:55:4:55:Infinity:undefined:undefined:undefined:undefined":10,"s:55:4:55:Infinity":24,"b:55:8:55:17:55:17:55:25":11,"s:55:25:55:Infinity":25,"s:56:4:59:Infinity":26,"b:57:8:57:Infinity:58:8:58:Infinity:59:8:59:Infinity":12,"s:63:44:152:Infinity":27,"f:63:44:63:45":3,"s:65:90:69:Infinity":28,"s:71:10:75:Infinity":29,"f:71:31:71:37":4,"s:74:8:74:Infinity":30,"f:74:29:74:34":5,"s:74:34:74:42":31,"s:78:49:86:Infinity":32,"b:79:21:79:60:79:60:79:Infinity":13,"s:88:25:88:Infinity":33,"s:91:10:127:Infinity":34,"f:91:35:91:41":6,"b:92:8:94:Infinity:undefined:undefined:undefined:undefined":14,"s:92:8:94:Infinity":35,"b:92:12:92:33:92:33:92:73":15,"s:93:12:93:Infinity":36,"s:96:25:96:Infinity":37,"s:97:21:125:Infinity":38,"f:97:35:97:36":7,"s:98:25:98:Infinity":39,"b:99:12:101:Infinity:undefined:undefined:undefined:undefined":16,"s:99:12:101:Infinity":40,"s:100:16:100:Infinity":41,"s:103:34:103:Infinity":42,"s:104:32:104:Infinity":43,"b:104:59:104:75:104:75:104:Infinity":17,"s:106:16:110:Infinity":44,"b:106:16:106:Infinity:107:16:107:Infinity:108:16:108:Infinity:109:16:109:Infinity:110:16:110:Infinity":18,"b:112:12:114:Infinity:undefined:undefined:undefined:undefined":19,"s:112:12:114:Infinity":45,"s:113:16:113:Infinity":46,"s:116:12:116:Infinity":47,"s:117:12:124:Infinity":48,"s:126:8:126:Infinity":49,"b:126:28:126:35:126:35:126:Infinity":20,"s:129:4:133:Infinity":50,"f:129:14:129:20":8,"b:130:8:132:Infinity:undefined:undefined:undefined:undefined":21,"s:130:8:132:Infinity":51,"b:130:12:130:34:130:34:130:63:130:63:130:80":22,"s:131:12:131:Infinity":52,"s:135:20:135:Infinity":53,"b:135:20:135:41:135:41:135:Infinity":23,"b:137:4:139:Infinity:undefined:undefined:undefined:undefined":24,"s:137:4:139:Infinity":54,"b:137:8:137:19:137:19:137:38":25,"s:138:8:138:Infinity":55,"b:141:4:143:Infinity:undefined:undefined:undefined:undefined":26,"s:141:4:143:Infinity":56,"s:142:8:142:Infinity":57,"s:145:4:150:Infinity":58}}}
,"C:\\Users\\wen\\.gemini\\antigravity\\scratch\\smart-stock\\frontend\\v4\\src\\components\\Tooltip.tsx": {"path":"C:\\Users\\wen\\.gemini\\antigravity\\scratch\\smart-stock\\frontend\\v4\\src\\components\\Tooltip.tsx","statementMap":{"0":{"start":{"line":8,"column":40},"end":{"line":26,"column":null}},"1":{"start":{"line":9,"column":34},"end":{"line":9,"column":null}},"2":{"start":{"line":11,"column":4},"end":{"line":24,"column":null}},"3":{"start":{"line":14,"column":32},"end":{"line":14,"column":null}},"4":{"start":{"line":15,"column":32},"end":{"line":15,"column":null}}},"fnMap":{"0":{"name":"(anonymous_0)","decl":{"start":{"line":8,"column":40},"end":{"line":8,"column":41}},"loc":{"start":{"line":8,"column":67},"end":{"line":26,"column":null}},"line":8},"1":{"name":"(anonymous_1)","decl":{"start":{"line":14,"column":26},"end":{"line":14,"column":32}},"loc":{"start":{"line":14,"column":32},"end":{"line":14,"column":null}},"line":14},"2":{"name":"(anonymous_2)","decl":{"start":{"line":15,"column":26},"end":{"line":15,"column":32}},"loc":{"start":{"line":15,"column":32},"end":{"line":15,"column":null}},"line":15}},"branchMap":{"0":{"loc":{"start":{"line":18,"column":13},"end":{"line":22,"column":null}},"type":"binary-expr","locations":[{"start":{"line":18,"column":13},"end":{"line":18,"column":null}},{"start":{"line":19,"column":16},"end":{"line":22,"column":null}}],"line":18}},"s":{"0":3,"1":29,"2":29,"3":0,"4":0},"f":{"0":29,"1":0,"2":0},"b":{"0":[29,0]},"meta":{"lastBranch":1,"lastFunction":3,"lastStatement":5,"seen":{"s:8:40:26:Infinity":0,"f:8:40:8:41":0,"s:9:34:9:Infinity":1,"s:11:4:24:Infinity":2,"f:14:26:14:32":1,"s:14:32:14:Infinity":3,"f:15:26:15:32":2,"s:15:32:15:Infinity":4,"b:18:13:18:Infinity:19:16:22:Infinity":0}}}
,"C:\\Users\\wen\\.gemini\\antigravity\\scratch\\smart-stock\\frontend\\v4\\src\\components\\dashboard\\CandidateRow.tsx": {"path":"C:\\Users\\wen\\.gemini\\antigravity\\scratch\\smart-stock\\frontend\\v4\\src\\components\\dashboard\\CandidateRow.tsx","statementMap":{"0":{"start":{"line":11,"column":50},"end":{"line":77,"column":null}},"1":{"start":{"line":12,"column":27},"end":{"line":15,"column":null}},"2":{"start":{"line":13,"column":8},"end":{"line":13,"column":null}},"3":{"start":{"line":13,"column":50},"end":{"line":13,"column":null}},"4":{"start":{"line":14,"column":8},"end":{"line":14,"column":null}},"5":{"start":{"line":17,"column":32},"end":{"line":17,"column":null}},"6":{"start":{"line":18,"column":4},"end":{"line":22,"column":null}},"7":{"start":{"line":19,"column":8},"end":{"line":19,"column":null}},"8":{"start":{"line":19,"column":38},"end":{"line":19,"column":null}},"9":{"start":{"line":20,"column":8},"end":{"line":20,"column":null}},"10":{"start":{"line":20,"column":43},"end":{"line":20,"column":null}},"11":{"start":{"line":21,"column":8},"end":{"line":21,"column":null}},"12":{"start":{"line":21,"column":43},"end":{"line":21,"column":null}},"13":{"start":{"line":24,"column":23},"end":{"line":24,"column":null}},"14":{"start":{"line":25,"column":27},"end":{"line":25,"column":null}},"15":{"start":{"line":26,"column":30},"end":{"line":26,"column":null}},"16":{"start":{"line":28,"column":4},"end":{"line":75,"column":null}},"17":{"start":{"line":30,"column":27},"end":{"line":30,"column":null}},"18":{"start":{"line":41,"column":28},"end":{"line":47,"column":null}}},"fnMap":{"0":{"name":"(anonymous_0)","decl":{"start":{"line":11,"column":50},"end":{"line":11,"column":51}},"loc":{"start":{"line":11,"column":98},"end":{"line":77,"column":null}},"line":11},"1":{"name":"(anonymous_1)","decl":{"start":{"line":12,"column":27},"end":{"line":12,"column":28}},"loc":{"start":{"line":12,"column":48},"end":{"line":15,"column":null}},"line":12},"2":{"name":"(anonymous_2)","decl":{"start":{"line":30,"column":21},"end":{"line":30,"column":27}},"loc":{"start":{"line":30,"column":27},"end":{"line":30,"column":null}},"line":30},"3":{"name":"(anonymous_3)","decl":{"start":{"line":40,"column":44},"end":{"line":40,"column":45}},"loc":{"start":{"line":41,"column":28},"end":{"line":47,"column":null}},"line":41}},"branchMap":{"0":{"loc":{"start":{"line":13,"column":8},"end":{"line":13,"column":null}},"type":"if","locations":[{"start":{"line":13,"column":8},"end":{"line":13,"column":null}},{"start":{},"end":{}}],"line":13},"1":{"loc":{"start":{"line":13,"column":12},"end":{"line":13,"column":50}},"type":"binary-expr","locations":[{"start":{"line":13,"column":12},"end":{"line":13,"column":36}},{"start":{"line":13,"column":36},"end":{"line":13,"column":50}}],"line":13},"2":{"loc":{"start":{"line":14,"column":15},"end":{"line":14,"column":null}},"type":"cond-expr","locations":[{"start":{"line":14,"column":28},"end":{"line":14,"column":45}},{"start":{"line":14,"column":45},"end":{"line":14,"column":null}}],"line":14},"3":{"loc":{"start":{"line":18,"column":4},"end":{"line":22,"column":null}},"type":"if","locations":[{"start":{"line":18,"column":4},"end":{"line":22,"column":null}},{"start":{},"end":{}}],"line":18},"4":{"loc":{"start":{"line":19,"column":8},"end":{"line":19,"column":null}},"type":"if","locations":[{"start":{"line":19,"column":8},"end":{"line":19,"column":null}},{"start":{},"end":{}}],"line":19},"5":{"loc":{"start":{"line":20,"column":8},"end":{"line":20,"column":null}},"type":"if","locations":[{"start":{"line":20,"column":8},"end":{"line":20,"column":null}},{"start":{},"end":{}}],"line":20},"6":{"loc":{"start":{"line":21,"column":8},"end":{"line":21,"column":null}},"type":"if","locations":[{"start":{"line":21,"column":8},"end":{"line":21,"column":null}},{"start":{},"end":{}}],"line":21},"7":{"loc":{"start":{"line":24,"column":47},"end":{"line":24,"column":69}},"type":"binary-expr","locations":[{"start":{"line":24,"column":47},"end":{"line":24,"column":64}},{"start":{"line":24,"column":64},"end":{"line":24,"column":69}}],"line":24},"8":{"loc":{"start":{"line":31,"column":130},"end":{"line":31,"column":null}},"type":"cond-expr","locations":[{"start":{"line":31,"column":143},"end":{"line":31,"column":166}},{"start":{"line":31,"column":166},"end":{"line":31,"column":null}}],"line":31},"9":{"loc":{"start":{"line":38,"column":17},"end":{"line":54,"column":null}},"type":"binary-expr","locations":[{"start":{"line":38,"column":17},"end":{"line":38,"column":null}},{"start":{"line":39,"column":20},"end":{"line":54,"column":null}}],"line":38},"10":{"loc":{"start":{"line":49,"column":25},"end":{"line":52,"column":null}},"type":"binary-expr","locations":[{"start":{"line":49,"column":25},"end":{"line":49,"column":null}},{"start":{"line":50,"column":28},"end":{"line":52,"column":null}}],"line":49},"11":{"loc":{"start":{"line":61,"column":17},"end":{"line":63,"column":null}},"type":"cond-expr","locations":[{"start":{"line":62,"column":22},"end":{"line":62,"column":null}},{"start":{"line":63,"column":22},"end":{"line":63,"column":null}}],"line":61},"12":{"loc":{"start":{"line":62,"column":25},"end":{"line":62,"column":60}},"type":"cond-expr","locations":[{"start":{"line":62,"column":52},"end":{"line":62,"column":58}},{"start":{"line":62,"column":58},"end":{"line":62,"column":60}}],"line":62},"13":{"loc":{"start":{"line":66,"column":46},"end":{"line":66,"column":105}},"type":"cond-expr","locations":[{"start":{"line":66,"column":71},"end":{"line":66,"column":93}},{"start":{"line":66,"column":93},"end":{"line":66,"column":105}}],"line":66},"14":{"loc":{"start":{"line":71,"column":46},"end":{"line":71,"column":106}},"type":"cond-expr","locations":[{"start":{"line":71,"column":68},"end":{"line":71,"column":89}},{"start":{"line":71,"column":89},"end":{"line":71,"column":106}}],"line":71}},"s":{"0":2,"1":9,"2":9,"3":0,"4":9,"5":9,"6":9,"7":9,"8":5,"9":9,"10":5,"11":9,"12":0,"13":9,"14":9,"15":9,"16":9,"17":0,"18":9},"f":{"0":9,"1":9,"2":0,"3":9},"b":{"0":[0,9],"1":[9,9],"2":[9,0],"3":[9,0],"4":[5,4],"5":[5,4],"6":[0,9],"7":[9,0],"8":[0,9],"9":[9,9],"10":[9,1],"11":[9,0],"12":[9,0],"13":[6,3],"14":[6,3]},"meta":{"lastBranch":15,"lastFunction":4,"lastStatement":19,"seen":{"s:11:50:77:Infinity":0,"f:11:50:11:51":0,"s:12:27:15:Infinity":1,"f:12:27:12:28":1,"b:13:8:13:Infinity:undefined:undefined:undefined:undefined":0,"s:13:8:13:Infinity":2,"b:13:12:13:36:13:36:13:50":1,"s:13:50:13:Infinity":3,"s:14:8:14:Infinity":4,"b:14:28:14:45:14:45:14:Infinity":2,"s:17:32:17:Infinity":5,"b:18:4:22:Infinity:undefined:undefined:undefined:undefined":3,"s:18:4:22:Infinity":6,"b:19:8:19:Infinity:undefined:undefined:undefined:undefined":4,"s:19:8:19:Infinity":7,"s:19:38:19:Infinity":8,"b:20:8:20:Infinity:undefined:undefined:undefined:undefined":5,"s:20:8:20:Infinity":9,"s:20:43:20:Infinity":10,"b:21:8:21:Infinity:undefined:undefined:undefined:undefined":6,"s:21:8:21:Infinity":11,"s:21:43:21:Infinity":12,"s:24:23:24:Infinity":13,"b:24:47:24:64:24:64:24:69":7,"s:25:27:25:Infinity":14,"s:26:30:26:Infinity":15,"s:28:4:75:Infinity":16,"f:30:21:30:27":2,"s:30:27:30:Infinity":17,"b:31:143:31:166:31:166:31:Infinity":8,"b:38:17:38:Infinity:39:20:54:Infinity":9,"f:40:44:40:45":3,"s:41:28:47:Infinity":18,"b:49:25:49:Infinity:50:28:52:Infinity":10,"b:62:22:62:Infinity:63:22:63:Infinity":11,"b:62:52:62:58:62:58:62:60":12,"b:66:71:66:93:66:93:66:105":13,"b:71:68:71:89:71:89:71:106":14}}}
,"C:\\Users\\wen\\.gemini\\antigravity\\scratch\\smart-stock\\frontend\\v4\\src\\components\\dashboard\\CandidateTable.tsx": {"path":"C:\\Users\\wen\\.gemini\\antigravity\\scratch\\smart-stock\\frontend\\v4\\src\\components\\dashboard\\CandidateTable.tsx","statementMap":{"0":{"start":{"line":17,"column":19},"end":{"line":17,"column":null}},"1":{"start":{"line":18,"column":23},"end":{"line":18,"column":null}},"2":{"start":{"line":20,"column":54},"end":{"line":112,"column":null}},"3":{"start":{"line":26,"column":36},"end":{"line":29,"column":null}},"4":{"start":{"line":30,"column":34},"end":{"line":30,"column":null}},"5":{"start":{"line":32,"column":10},"end":{"line":37,"column":null}},"6":{"start":{"line":33,"column":8},"end":{"line":36,"column":null}},"7":{"start":{"line":33,"column":33},"end":{"line":36,"column":10}},"8":{"start":{"line":39,"column":10},"end":{"line":49,"column":null}},"9":{"start":{"line":40,"column":25},"end":{"line":40,"column":null}},"10":{"start":{"line":41,"column":8},"end":{"line":47,"column":null}},"11":{"start":{"line":42,"column":25},"end":{"line":42,"column":null}},"12":{"start":{"line":43,"column":25},"end":{"line":43,"column":null}},"13":{"start":{"line":44,"column":12},"end":{"line":44,"column":null}},"14":{"start":{"line":44,"column":29},"end":{"line":44,"column":null}},"15":{"start":{"line":45,"column":12},"end":{"line":45,"column":null}},"16":{"start":{"line":45,"column":29},"end":{"line":45,"column":null}},"17":{"start":{"line":46,"column":12},"end":{"line":46,"column":null}},"18":{"start":{"line":48,"column":8},"end":{"line":48,"column":null}},"19":{"start":{"line":52,"column":10},"end":{"line":57,"column":null}},"20":{"start":{"line":53,"column":22},"end":{"line":53,"column":null}},"21":{"start":{"line":54,"column":29},"end":{"line":54,"column":null}},"22":{"start":{"line":55,"column":20},"end":{"line":55,"column":null}},"23":{"start":{"line":56,"column":8},"end":{"line":56,"column":null}},"24":{"start":{"line":59,"column":24},"end":{"line":59,"column":null}},"25":{"start":{"line":60,"column":23},"end":{"line":60,"column":null}},"26":{"start":{"line":61,"column":26},"end":{"line":61,"column":null}},"27":{"start":{"line":63,"column":27},"end":{"line":68,"column":null}},"28":{"start":{"line":64,"column":8},"end":{"line":64,"column":null}},"29":{"start":{"line":64,"column":42},"end":{"line":64,"column":null}},"30":{"start":{"line":65,"column":8},"end":{"line":67,"column":null}},"31":{"start":{"line":70,"column":4},"end":{"line":110,"column":null}},"32":{"start":{"line":75,"column":20},"end":{"line":89,"column":null}},"33":{"start":{"line":79,"column":39},"end":{"line":79,"column":null}},"34":{"start":{"line":96,"column":33},"end":{"line":96,"column":null}},"35":{"start":{"line":100,"column":24},"end":{"line":106,"column":null}}},"fnMap":{"0":{"name":"(anonymous_0)","decl":{"start":{"line":20,"column":54},"end":{"line":20,"column":55}},"loc":{"start":{"line":25,"column":6},"end":{"line":112,"column":null}},"line":25},"1":{"name":"(anonymous_1)","decl":{"start":{"line":32,"column":35},"end":{"line":32,"column":36}},"loc":{"start":{"line":32,"column":53},"end":{"line":37,"column":7}},"line":32},"2":{"name":"(anonymous_2)","decl":{"start":{"line":33,"column":22},"end":{"line":33,"column":23}},"loc":{"start":{"line":33,"column":33},"end":{"line":36,"column":10}},"line":33},"3":{"name":"(anonymous_3)","decl":{"start":{"line":39,"column":33},"end":{"line":39,"column":39}},"loc":{"start":{"line":39,"column":39},"end":{"line":49,"column":7}},"line":39},"4":{"name":"(anonymous_4)","decl":{"start":{"line":41,"column":22},"end":{"line":41,"column":23}},"loc":{"start":{"line":41,"column":32},"end":{"line":47,"column":9}},"line":41},"5":{"name":"(anonymous_5)","decl":{"start":{"line":52,"column":33},"end":{"line":52,"column":39}},"loc":{"start":{"line":52,"column":39},"end":{"line":57,"column":7}},"line":52},"6":{"name":"(anonymous_6)","decl":{"start":{"line":63,"column":27},"end":{"line":63,"column":28}},"loc":{"start":{"line":63,"column":51},"end":{"line":68,"column":null}},"line":63},"7":{"name":"(anonymous_7)","decl":{"start":{"line":74,"column":89},"end":{"line":74,"column":null}},"loc":{"start":{"line":75,"column":20},"end":{"line":89,"column":null}},"line":75},"8":{"name":"(anonymous_8)","decl":{"start":{"line":79,"column":33},"end":{"line":79,"column":39}},"loc":{"start":{"line":79,"column":39},"end":{"line":79,"column":null}},"line":79},"9":{"name":"(anonymous_9)","decl":{"start":{"line":96,"column":26},"end":{"line":96,"column":27}},"loc":{"start":{"line":96,"column":33},"end":{"line":96,"column":null}},"line":96},"10":{"name":"(anonymous_10)","decl":{"start":{"line":99,"column":37},"end":{"line":99,"column":38}},"loc":{"start":{"line":100,"column":24},"end":{"line":106,"column":null}},"line":100}},"branchMap":{"0":{"loc":{"start":{"line":24,"column":4},"end":{"line":24,"column":null}},"type":"default-arg","locations":[{"start":{"line":24,"column":13},"end":{"line":24,"column":null}}],"line":24},"1":{"loc":{"start":{"line":35,"column":17},"end":{"line":35,"column":null}},"type":"cond-expr","locations":[{"start":{"line":35,"column":59},"end":{"line":35,"column":67}},{"start":{"line":35,"column":67},"end":{"line":35,"column":null}}],"line":35},"2":{"loc":{"start":{"line":35,"column":17},"end":{"line":35,"column":59}},"type":"binary-expr","locations":[{"start":{"line":35,"column":17},"end":{"line":35,"column":37}},{"start":{"line":35,"column":37},"end":{"line":35,"column":59}}],"line":35},"3":{"loc":{"start":{"line":42,"column":25},"end":{"line":42,"column":null}},"type":"binary-expr","locations":[{"start":{"line":42,"column":25},"end":{"line":42,"column":46}},{"start":{"line":42,"column":46},"end":{"line":42,"column":null}}],"line":42},"4":{"loc":{"start":{"line":43,"column":25},"end":{"line":43,"column":null}},"type":"binary-expr","locations":[{"start":{"line":43,"column":25},"end":{"line":43,"column":46}},{"start":{"line":43,"column":46},"end":{"line":43,"column":null}}],"line":43},"5":{"loc":{"start":{"line":44,"column":12},"end":{"line":44,"column":null}},"type":"if","locations":[{"start":{"line":44,"column":12},"end":{"line":44,"column":null}},{"start":{},"end":{}}],"line":44},"6":{"loc":{"start":{"line":44,"column":36},"end":{"line":44,"column":null}},"type":"cond-expr","locations":[{"start":{"line":44,"column":63},"end":{"line":44,"column":68}},{"start":{"line":44,"column":68},"end":{"line":44,"column":null}}],"line":44},"7":{"loc":{"start":{"line":45,"column":12},"end":{"line":45,"column":null}},"type":"if","locations":[{"start":{"line":45,"column":12},"end":{"line":45,"column":null}},{"start":{},"end":{}}],"line":45},"8":{"loc":{"start":{"line":45,"column":36},"end":{"line":45,"column":null}},"type":"cond-expr","locations":[{"start":{"line":45,"column":63},"end":{"line":45,"column":67}},{"start":{"line":45,"column":67},"end":{"line":45,"column":null}}],"line":45},"9":{"loc":{"start":{"line":64,"column":8},"end":{"line":64,"column":null}},"type":"if","locations":[{"start":{"line":64,"column":8},"end":{"line":64,"column":null}},{"start":{},"end":{}}],"line":64},"10":{"loc":{"start":{"line":65,"column":15},"end":{"line":67,"column":null}},"type":"cond-expr","locations":[{"start":{"line":66,"column":14},"end":{"line":66,"column":null}},{"start":{"line":67,"column":14},"end":{"line":67,"column":null}}],"line":65},"11":{"loc":{"start":{"line":82,"column":71},"end":{"line":86,"column":null}},"type":"binary-expr","locations":[{"start":{"line":83,"column":30},"end":{"line":83,"column":54}},{"start":{"line":83,"column":54},"end":{"line":83,"column":null}},{"start":{"line":84,"column":32},"end":{"line":86,"column":null}}],"line":82},"12":{"loc":{"start":{"line":84,"column":50},"end":{"line":84,"column":null}},"type":"cond-expr","locations":[{"start":{"line":84,"column":73},"end":{"line":84,"column":82}},{"start":{"line":84,"column":82},"end":{"line":84,"column":null}}],"line":84}},"s":{"0":1,"1":1,"2":1,"3":3,"4":3,"5":3,"6":0,"7":0,"8":3,"9":3,"10":3,"11":3,"12":3,"13":3,"14":3,"15":0,"16":0,"17":0,"18":3,"19":3,"20":3,"21":3,"22":3,"23":3,"24":3,"25":3,"26":3,"27":3,"28":12,"29":9,"30":3,"31":3,"32":12,"33":0,"34":0,"35":6},"f":{"0":3,"1":0,"2":0,"3":3,"4":3,"5":3,"6":12,"7":12,"8":0,"9":0,"10":6},"b":{"0":[3],"1":[0,0],"2":[0,0],"3":[3,0],"4":[3,0],"5":[3,0],"6":[0,3],"7":[0,0],"8":[0,0],"9":[9,3],"10":[0,3],"11":[12,9,6],"12":[3,3]},"meta":{"lastBranch":13,"lastFunction":11,"lastStatement":36,"seen":{"s:17:19:17:Infinity":0,"s:18:23:18:Infinity":1,"s:20:54:112:Infinity":2,"f:20:54:20:55":0,"b:24:13:24:Infinity":0,"s:26:36:29:Infinity":3,"s:30:34:30:Infinity":4,"s:32:10:37:Infinity":5,"f:32:35:32:36":1,"s:33:8:36:Infinity":6,"f:33:22:33:23":2,"s:33:33:36:10":7,"b:35:59:35:67:35:67:35:Infinity":1,"b:35:17:35:37:35:37:35:59":2,"s:39:10:49:Infinity":8,"f:39:33:39:39":3,"s:40:25:40:Infinity":9,"s:41:8:47:Infinity":10,"f:41:22:41:23":4,"s:42:25:42:Infinity":11,"b:42:25:42:46:42:46:42:Infinity":3,"s:43:25:43:Infinity":12,"b:43:25:43:46:43:46:43:Infinity":4,"b:44:12:44:Infinity:undefined:undefined:undefined:undefined":5,"s:44:12:44:Infinity":13,"s:44:29:44:Infinity":14,"b:44:63:44:68:44:68:44:Infinity":6,"b:45:12:45:Infinity:undefined:undefined:undefined:undefined":7,"s:45:12:45:Infinity":15,"s:45:29:45:Infinity":16,"b:45:63:45:67:45:67:45:Infinity":8,"s:46:12:46:Infinity":17,"s:48:8:48:Infinity":18,"s:52:10:57:Infinity":19,"f:52:33:52:39":5,"s:53:22:53:Infinity":20,"s:54:29:54:Infinity":21,"s:55:20:55:Infinity":22,"s:56:8:56:Infinity":23,"s:59:24:59:Infinity":24,"s:60:23:60:Infinity":25,"s:61:26:61:Infinity":26,"s:63:27:68:Infinity":27,"f:63:27:63:28":6,"b:64:8:64:Infinity:undefined:undefined:undefined:undefined":9,"s:64:8:64:Infinity":28,"s:64:42:64:Infinity":29,"s:65:8:67:Infinity":30,"b:66:14:66:Infinity:67:14:67:Infinity":10,"s:70:4:110:Infinity":31,"f:74:89:74:Infinity":7,"s:75:20:89:Infinity":32,"f:79:33:79:39":8,"s:79:39:79:Infinity":33,"b:83:30:83:54:83:54:83:Infinity:84:32:86:Infinity":11,"b:84:73:84:82:84:82:84:Infinity":12,"f:96:26:96:27":9,"s:96:33:96:Infinity":34,"f:99:37:99:38":10,"s:100:24:106:Infinity":35}}}
,"C:\\Users\\wen\\.gemini\\antigravity\\scratch\\smart-stock\\frontend\\v4\\src\\components\\dashboard\\MarketStatusHeader.tsx": {"path":"C:\\Users\\wen\\.gemini\\antigravity\\scratch\\smart-stock\\frontend\\v4\\src\\components\\dashboard\\MarketStatusHeader.tsx","statementMap":{"0":{"start":{"line":12,"column":62},"end":{"line":51,"column":null}},"1":{"start":{"line":17,"column":4},"end":{"line":49,"column":null}}},"fnMap":{"0":{"name":"(anonymous_0)","decl":{"start":{"line":12,"column":62},"end":{"line":12,"column":63}},"loc":{"start":{"line":16,"column":6},"end":{"line":51,"column":null}},"line":16}},"branchMap":{},"s":{"0":1,"1":6},"f":{"0":6},"b":{},"meta":{"lastBranch":0,"lastFunction":1,"lastStatement":2,"seen":{"s:12:62:51:Infinity":0,"f:12:62:12:63":0,"s:17:4:49:Infinity":1}}}
,"C:\\Users\\wen\\.gemini\\antigravity\\scratch\\smart-stock\\frontend\\v4\\src\\components\\dashboard\\StatCard.tsx": {"path":"C:\\Users\\wen\\.gemini\\antigravity\\scratch\\smart-stock\\frontend\\v4\\src\\components\\dashboard\\StatCard.tsx","statementMap":{"0":{"start":{"line":17,"column":42},"end":{"line":53,"column":null}},"1":{"start":{"line":27,"column":4},"end":{"line":51,"column":null}}},"fnMap":{"0":{"name":"(anonymous_0)","decl":{"start":{"line":17,"column":42},"end":{"line":17,"column":43}},"loc":{"start":{"line":26,"column":6},"end":{"line":53,"column":null}},"line":26}},"branchMap":{"0":{"loc":{"start":{"line":25,"column":4},"end":{"line":25,"column":null}},"type":"default-arg","locations":[{"start":{"line":25,"column":22},"end":{"line":25,"column":null}}],"line":25},"1":{"loc":{"start":{"line":36,"column":13},"end":{"line":49,"column":null}},"type":"cond-expr","locations":[{"start":{"line":37,"column":16},"end":{"line":37,"column":null}},{"start":{"line":39,"column":16},"end":{"line":49,"column":null}}],"line":36},"2":{"loc":{"start":{"line":42,"column":25},"end":{"line":42,"column":null}},"type":"binary-expr","locations":[{"start":{"line":42,"column":25},"end":{"line":42,"column":33}},{"start":{"line":42,"column":33},"end":{"line":42,"column":null}}],"line":42},"3":{"loc":{"start":{"line":44,"column":21},"end":{"line":47,"column":null}},"type":"binary-expr","locations":[{"start":{"line":44,"column":21},"end":{"line":44,"column":null}},{"start":{"line":45,"column":24},"end":{"line":47,"column":null}}],"line":44}},"s":{"0":2,"1":23},"f":{"0":23},"b":{"0":[23],"1":[4,19],"2":[19,11],"3":[19,16]},"meta":{"lastBranch":4,"lastFunction":1,"lastStatement":2,"seen":{"s:17:42:53:Infinity":0,"f:17:42:17:43":0,"b:25:22:25:Infinity":0,"s:27:4:51:Infinity":1,"b:37:16:37:Infinity:39:16:49:Infinity":1,"b:42:25:42:33:42:33:42:Infinity":2,"b:44:21:44:Infinity:45:24:47:Infinity":3}}}
,"C:\\Users\\wen\\.gemini\\antigravity\\scratch\\smart-stock\\frontend\\v4\\src\\hooks\\useStockAnalysis.ts": {"path":"C:\\Users\\wen\\.gemini\\antigravity\\scratch\\smart-stock\\frontend\\v4\\src\\hooks\\useStockAnalysis.ts","statementMap":{"0":{"start":{"line":26,"column":32},"end":{"line":72,"column":null}},"1":{"start":{"line":27,"column":21},"end":{"line":27,"column":null}},"2":{"start":{"line":34,"column":4},"end":{"line":39,"column":null}},"3":{"start":{"line":41,"column":10},"end":{"line":49,"column":null}},"4":{"start":{"line":42,"column":8},"end":{"line":44,"column":null}},"5":{"start":{"line":43,"column":12},"end":{"line":43,"column":null}},"6":{"start":{"line":45,"column":8},"end":{"line":47,"column":null}},"7":{"start":{"line":46,"column":12},"end":{"line":46,"column":null}},"8":{"start":{"line":48,"column":8},"end":{"line":48,"column":null}},"9":{"start":{"line":51,"column":10},"end":{"line":55,"column":null}},"10":{"start":{"line":52,"column":8},"end":{"line":52,"column":null}},"11":{"start":{"line":52,"column":30},"end":{"line":52,"column":null}},"12":{"start":{"line":53,"column":24},"end":{"line":53,"column":null}},"13":{"start":{"line":54,"column":8},"end":{"line":54,"column":null}},"14":{"start":{"line":57,"column":10},"end":{"line":62,"column":null}},"15":{"start":{"line":58,"column":8},"end":{"line":61,"column":null}},"16":{"start":{"line":59,"column":12},"end":{"line":59,"column":null}},"17":{"start":{"line":60,"column":12},"end":{"line":60,"column":null}},"18":{"start":{"line":64,"column":4},"end":{"line":71,"column":null}}},"fnMap":{"0":{"name":"(anonymous_0)","decl":{"start":{"line":26,"column":32},"end":{"line":26,"column":33}},"loc":{"start":{"line":26,"column":59},"end":{"line":72,"column":null}},"line":26},"1":{"name":"(anonymous_1)","decl":{"start":{"line":41,"column":40},"end":{"line":41,"column":46}},"loc":{"start":{"line":41,"column":46},"end":{"line":49,"column":7}},"line":41},"2":{"name":"(anonymous_2)","decl":{"start":{"line":51,"column":30},"end":{"line":51,"column":36}},"loc":{"start":{"line":51,"column":36},"end":{"line":55,"column":7}},"line":51},"3":{"name":"(anonymous_3)","decl":{"start":{"line":57,"column":38},"end":{"line":57,"column":50}},"loc":{"start":{"line":57,"column":50},"end":{"line":62,"column":7}},"line":57}},"branchMap":{"0":{"loc":{"start":{"line":27,"column":21},"end":{"line":27,"column":null}},"type":"cond-expr","locations":[{"start":{"line":27,"column":30},"end":{"line":27,"column":58}},{"start":{"line":27,"column":58},"end":{"line":27,"column":null}}],"line":27},"1":{"loc":{"start":{"line":42,"column":8},"end":{"line":44,"column":null}},"type":"if","locations":[{"start":{"line":42,"column":8},"end":{"line":44,"column":null}},{"start":{},"end":{}}],"line":42},"2":{"loc":{"start":{"line":45,"column":8},"end":{"line":47,"column":null}},"type":"if","locations":[{"start":{"line":45,"column":8},"end":{"line":47,"column":null}},{"start":{},"end":{}}],"line":45},"3":{"loc":{"start":{"line":52,"column":8},"end":{"line":52,"column":null}},"type":"if","locations":[{"start":{"line":52,"column":8},"end":{"line":52,"column":null}},{"start":{},"end":{}}],"line":52},"4":{"loc":{"start":{"line":58,"column":8},"end":{"line":61,"column":null}},"type":"if","locations":[{"start":{"line":58,"column":8},"end":{"line":61,"column":null}},{"start":{},"end":{}}],"line":58}},"s":{"0":1,"1":7,"2":7,"3":7,"4":7,"5":5,"6":2,"7":1,"8":1,"9":7,"10":7,"11":1,"12":6,"13":6,"14":7,"15":0,"16":0,"17":0,"18":7},"f":{"0":7,"1":7,"2":7,"3":0},"b":{"0":[6,1],"1":[5,2],"2":[1,1],"3":[1,6],"4":[0,0]},"meta":{"lastBranch":5,"lastFunction":4,"lastStatement":19,"seen":{"s:26:32:72:Infinity":0,"f:26:32:26:33":0,"s:27:21:27:Infinity":1,"b:27:30:27:58:27:58:27:Infinity":0,"s:34:4:39:Infinity":2,"s:41:10:49:Infinity":3,"f:41:40:41:46":1,"b:42:8:44:Infinity:undefined:undefined:undefined:undefined":1,"s:42:8:44:Infinity":4,"s:43:12:43:Infinity":5,"b:45:8:47:Infinity:undefined:undefined:undefined:undefined":2,"s:45:8:47:Infinity":6,"s:46:12:46:Infinity":7,"s:48:8:48:Infinity":8,"s:51:10:55:Infinity":9,"f:51:30:51:36":2,"b:52:8:52:Infinity:undefined:undefined:undefined:undefined":3,"s:52:8:52:Infinity":10,"s:52:30:52:Infinity":11,"s:53:24:53:Infinity":12,"s:54:8:54:Infinity":13,"s:57:10:62:Infinity":14,"f:57:38:57:50":3,"b:58:8:61:Infinity:undefined:undefined:undefined:undefined":4,"s:58:8:61:Infinity":15,"s:59:12:59:Infinity":16,"s:60:12:60:Infinity":17,"s:64:4:71:Infinity":18}}}
,"C:\\Users\\wen\\.gemini\\antigravity\\scratch\\smart-stock\\frontend\\v4\\src\\lib\\apiClient.ts": {"path":"C:\\Users\\wen\\.gemini\\antigravity\\scratch\\smart-stock\\frontend\\v4\\src\\lib\\apiClient.ts","statementMap":{"0":{"start":{"line":6,"column":22},"end":{"line":6,"column":null}},"1":{"start":{"line":7,"column":25},"end":{"line":7,"column":null}},"2":{"start":{"line":8,"column":26},"end":{"line":8,"column":null}},"3":{"start":{"line":11,"column":24},"end":{"line":11,"column":null}},"4":{"start":{"line":13,"column":23},"end":{"line":13,"column":null}},"5":{"start":{"line":14,"column":28},"end":{"line":14,"column":null}},"6":{"start":{"line":33,"column":16},"end":{"line":33,"column":null}},"7":{"start":{"line":34,"column":21},"end":{"line":34,"column":null}},"8":{"start":{"line":36,"column":4},"end":{"line":38,"column":null}},"9":{"start":{"line":37,"column":8},"end":{"line":37,"column":null}},"10":{"start":{"line":40,"column":33},"end":{"line":40,"column":null}},"11":{"start":{"line":41,"column":26},"end":{"line":41,"column":null}},"12":{"start":{"line":42,"column":4},"end":{"line":44,"column":null}},"13":{"start":{"line":43,"column":8},"end":{"line":43,"column":null}},"14":{"start":{"line":46,"column":4},"end":{"line":48,"column":null}},"15":{"start":{"line":47,"column":8},"end":{"line":47,"column":null}},"16":{"start":{"line":50,"column":23},"end":{"line":50,"column":null}},"17":{"start":{"line":51,"column":20},"end":{"line":69,"column":null}},"18":{"start":{"line":52,"column":8},"end":{"line":54,"column":null}},"19":{"start":{"line":53,"column":12},"end":{"line":53,"column":null}},"20":{"start":{"line":56,"column":22},"end":{"line":56,"column":null}},"21":{"start":{"line":58,"column":8},"end":{"line":63,"column":null}},"22":{"start":{"line":59,"column":12},"end":{"line":59,"column":null}},"23":{"start":{"line":60,"column":12},"end":{"line":60,"column":null}},"24":{"start":{"line":62,"column":12},"end":{"line":62,"column":null}},"25":{"start":{"line":64,"column":8},"end":{"line":64,"column":null}},"26":{"start":{"line":66,"column":8},"end":{"line":68,"column":null}},"27":{"start":{"line":67,"column":12},"end":{"line":67,"column":null}},"28":{"start":{"line":71,"column":4},"end":{"line":73,"column":null}},"29":{"start":{"line":72,"column":8},"end":{"line":72,"column":null}},"30":{"start":{"line":74,"column":4},"end":{"line":74,"column":null}},"31":{"start":{"line":78,"column":4},"end":{"line":82,"column":null}},"32":{"start":{"line":79,"column":8},"end":{"line":81,"column":null}},"33":{"start":{"line":80,"column":12},"end":{"line":80,"column":null}},"34":{"start":{"line":85,"column":4},"end":{"line":90,"column":null}},"35":{"start":{"line":86,"column":8},"end":{"line":89,"column":null}},"36":{"start":{"line":87,"column":12},"end":{"line":87,"column":null}},"37":{"start":{"line":88,"column":12},"end":{"line":88,"column":null}},"38":{"start":{"line":94,"column":4},"end":{"line":94,"column":null}}},"fnMap":{"0":{"name":"fetchJsonWithCache","decl":{"start":{"line":27,"column":22},"end":{"line":27,"column":null}},"loc":{"start":{"line":32,"column":14},"end":{"line":75,"column":null}},"line":32},"1":{"name":"(anonymous_1)","decl":{"start":{"line":51,"column":53},"end":{"line":51,"column":60}},"loc":{"start":{"line":51,"column":73},"end":{"line":65,"column":5}},"line":51},"2":{"name":"(anonymous_2)","decl":{"start":{"line":65,"column":15},"end":{"line":65,"column":21}},"loc":{"start":{"line":65,"column":21},"end":{"line":69,"column":5}},"line":65},"3":{"name":"invalidateApiCache","decl":{"start":{"line":77,"column":16},"end":{"line":77,"column":35}},"loc":{"start":{"line":77,"column":65},"end":{"line":91,"column":null}},"line":77},"4":{"name":"getCachedData","decl":{"start":{"line":93,"column":16},"end":{"line":93,"column":33}},"loc":{"start":{"line":93,"column":66},"end":{"line":95,"column":null}},"line":93}},"branchMap":{"0":{"loc":{"start":{"line":29,"column":4},"end":{"line":29,"column":null}},"type":"default-arg","locations":[{"start":{"line":29,"column":20},"end":{"line":29,"column":null}}],"line":29},"1":{"loc":{"start":{"line":30,"column":4},"end":{"line":30,"column":null}},"type":"default-arg","locations":[{"start":{"line":30,"column":25},"end":{"line":30,"column":null}}],"line":30},"2":{"loc":{"start":{"line":36,"column":4},"end":{"line":38,"column":null}},"type":"if","locations":[{"start":{"line":36,"column":4},"end":{"line":38,"column":null}},{"start":{},"end":{}}],"line":36},"3":{"loc":{"start":{"line":36,"column":8},"end":{"line":36,"column":54}},"type":"binary-expr","locations":[{"start":{"line":36,"column":8},"end":{"line":36,"column":20}},{"start":{"line":36,"column":20},"end":{"line":36,"column":54}}],"line":36},"4":{"loc":{"start":{"line":41,"column":26},"end":{"line":41,"column":null}},"type":"binary-expr","locations":[{"start":{"line":41,"column":26},"end":{"line":41,"column":61}},{"start":{"line":41,"column":61},"end":{"line":41,"column":null}}],"line":41},"5":{"loc":{"start":{"line":42,"column":4},"end":{"line":44,"column":null}},"type":"if","locations":[{"start":{"line":42,"column":4},"end":{"line":44,"column":null}},{"start":{},"end":{}}],"line":42},"6":{"loc":{"start":{"line":42,"column":8},"end":{"line":42,"column":65}},"type":"binary-expr","locations":[{"start":{"line":42,"column":8},"end":{"line":42,"column":33}},{"start":{"line":42,"column":33},"end":{"line":42,"column":65}}],"line":42},"7":{"loc":{"start":{"line":46,"column":4},"end":{"line":48,"column":null}},"type":"if","locations":[{"start":{"line":46,"column":4},"end":{"line":48,"column":null}},{"start":{},"end":{}}],"line":46},"8":{"loc":{"start":{"line":46,"column":8},"end":{"line":46,"column":54}},"type":"binary-expr","locations":[{"start":{"line":46,"column":8},"end":{"line":46,"column":20}},{"start":{"line":46,"column":20},"end":{"line":46,"column":54}}],"line":46},"9":{"loc":{"start":{"line":50,"column":23},"end":{"line":50,"column":null}},"type":"binary-expr","locations":[{"start":{"line":50,"column":23},"end":{"line":50,"column":56}},{"start":{"line":50,"column":56},"end":{"line":50,"column":null}}],"line":50},"10":{"loc":{"start":{"line":52,"column":8},"end":{"line":54,"column":null}},"type":"if","locations":[{"start":{"line":52,"column":8},"end":{"line":54,"column":null}},{"start":{},"end":{}}],"line":52},"11":{"loc":{"start":{"line":58,"column":8},"end":{"line":63,"column":null}},"type":"if","locations":[{"start":{"line":58,"column":8},"end":{"line":63,"column":null}},{"start":{},"end":{}}],"line":58},"12":{"loc":{"start":{"line":58,"column":13},"end":{"line":58,"column":53}},"type":"binary-expr","locations":[{"start":{"line":58,"column":13},"end":{"line":58,"column":46}},{"start":{"line":58,"column":46},"end":{"line":58,"column":53}}],"line":58},"13":{"loc":{"start":{"line":66,"column":8},"end":{"line":68,"column":null}},"type":"if","locations":[{"start":{"line":66,"column":8},"end":{"line":68,"column":null}},{"start":{},"end":{}}],"line":66},"14":{"loc":{"start":{"line":71,"column":4},"end":{"line":73,"column":null}},"type":"if","locations":[{"start":{"line":71,"column":4},"end":{"line":73,"column":null}},{"start":{},"end":{}}],"line":71},"15":{"loc":{"start":{"line":79,"column":8},"end":{"line":81,"column":null}},"type":"if","locations":[{"start":{"line":79,"column":8},"end":{"line":81,"column":null}},{"start":{},"end":{}}],"line":79},"16":{"loc":{"start":{"line":86,"column":8},"end":{"line":89,"column":null}},"type":"if","locations":[{"start":{"line":86,"column":8},"end":{"line":89,"column":null}},{"start":{},"end":{}}],"line":86},"17":{"loc":{"start":{"line":88,"column":38},"end":{"line":88,"column":71}},"type":"binary-expr","locations":[{"start":{"line":88,"column":38},"end":{"line":88,"column":66}},{"start":{"line":88,"column":66},"end":{"line":88,"column":71}}],"line":88}},"s":{"0":1,"1":1,"2":1,"3":1,"4":1,"5":1,"6":10,"7":10,"8":10,"9":1,"10":9,"11":9,"12":10,"13":0,"14":9,"15":0,"16":9,"17":10,"18":9,"19":1,"20":8,"21":8,"22":7,"23":7,"24":7,"25":8,"26":9,"27":9,"28":10,"29":9,"30":9,"31":17,"32":11,"33":6,"34":17,"35":1,"36":1,"37":1,"38":5},"f":{"0":10,"1":9,"2":9,"3":17,"4":5},"b":{"0":[10],"1":[10],"2":[1,9],"3":[10,2],"4":[9,8],"5":[0,10],"6":[10,9],"7":[0,9],"8":[9,1],"9":[9,9],"10":[1,8],"11":[7,1],"12":[8,7],"13":[9,0],"14":[9,1],"15":[6,5],"16":[1,0],"17":[1,1]},"meta":{"lastBranch":18,"lastFunction":5,"lastStatement":39,"seen":{"s:6:22:6:Infinity":0,"s:7:25:7:Infinity":1,"s:8:26:8:Infinity":2,"s:11:24:11:Infinity":3,"s:13:23:13:Infinity":4,"s:14:28:14:Infinity":5,"f:27:22:27:Infinity":0,"b:29:20:29:Infinity":0,"b:30:25:30:Infinity":1,"s:33:16:33:Infinity":6,"s:34:21:34:Infinity":7,"b:36:4:38:Infinity:undefined:undefined:undefined:undefined":2,"s:36:4:38:Infinity":8,"b:36:8:36:20:36:20:36:54":3,"s:37:8:37:Infinity":9,"s:40:33:40:Infinity":10,"s:41:26:41:Infinity":11,"b:41:26:41:61:41:61:41:Infinity":4,"b:42:4:44:Infinity:undefined:undefined:undefined:undefined":5,"s:42:4:44:Infinity":12,"b:42:8:42:33:42:33:42:65":6,"s:43:8:43:Infinity":13,"b:46:4:48:Infinity:undefined:undefined:undefined:undefined":7,"s:46:4:48:Infinity":14,"b:46:8:46:20:46:20:46:54":8,"s:47:8:47:Infinity":15,"s:50:23:50:Infinity":16,"b:50:23:50:56:50:56:50:Infinity":9,"s:51:20:69:Infinity":17,"f:51:53:51:60":1,"b:52:8:54:Infinity:undefined:undefined:undefined:undefined":10,"s:52:8:54:Infinity":18,"s:53:12:53:Infinity":19,"s:56:22:56:Infinity":20,"b:58:8:63:Infinity:undefined:undefined:undefined:undefined":11,"s:58:8:63:Infinity":21,"b:58:13:58:46:58:46:58:53":12,"s:59:12:59:Infinity":22,"s:60:12:60:Infinity":23,"s:62:12:62:Infinity":24,"s:64:8:64:Infinity":25,"f:65:15:65:21":2,"b:66:8:68:Infinity:undefined:undefined:undefined:undefined":13,"s:66:8:68:Infinity":26,"s:67:12:67:Infinity":27,"b:71:4:73:Infinity:undefined:undefined:undefined:undefined":14,"s:71:4:73:Infinity":28,"s:72:8:72:Infinity":29,"s:74:4:74:Infinity":30,"f:77:16:77:35":3,"s:78:4:82:Infinity":31,"b:79:8:81:Infinity:undefined:undefined:undefined:undefined":15,"s:79:8:81:Infinity":32,"s:80:12:80:Infinity":33,"s:85:4:90:Infinity":34,"b:86:8:89:Infinity:undefined:undefined:undefined:undefined":16,"s:86:8:89:Infinity":35,"s:87:12:87:Infinity":36,"s:88:12:88:Infinity":37,"b:88:38:88:66:88:66:88:71":17,"f:93:16:93:33":4,"s:94:4:94:Infinity":38}}}
}
