{"C:\\Users\\wen\\.gemini\\antigravity\\scratch\\smart-stock\\frontend\\v4\\src\\components\\dashboard\\CandidateRow.tsx": {"path":"C:\\Users\\wen\\.gemini\\antigravity\\scratch\\smart-stock\\frontend\\v4\\src\\components\\dashboard\\CandidateRow.tsx","statementMap":{"0":{"start":{"line":11,"column":50},"end":{"line":77,"column":null}},"1":{"start":{"line":12,"column":27},"end":{"line":15,"column":null}},"2":{"start":{"line":13,"column":8},"end":{"line":13,"column":null}},"3":{"start":{"line":13,"column":50},"end":{"line":13,"column":null}},"4":{"start":{"line":14,"column":8},"end":{"line":14,"column":null}},"5":{"start":{"line":17,"column":32},"end":{"line":17,"column":null}},"6":{"start":{"line":18,"column":4},"end":{"line":22,"column":null}},"7":{"start":{"line":19,"column":8},"end":{"line":19,"column":null}},"8":{"start":{"line":19,"column":38},"end":{"line":19,"column":null}},"9":{"start":{"line":20,"column":8},"end":{"line":20,"column":null}},"10":{"start":{"line":20,"column":43},"end":{"line":20,"column":null}},"11":{"start":{"line":21,"column":8},"end":{"line":21,"column":null}},"12":{"start":{"line":21,"column":43},"end":{"line":21,"column":null}},"13":{"start":{"line":24,"column":23},"end":{"line":24,"column":null}},"14":{"start":{"line":25,"column":27},"end":{"line":25,"column":null}},"15":{"start":{"line":26,"column":30},"end":{"line":26,"column":null}},"16":{"start":{"line":28,"column":4},"end":{"line":75,"column":null}},"17":{"start":{"line":30,"column":27},"end":{"line":30,"column":null}},"18":{"start":{"line":41,"column":28},"end":{"line":47,"column":null}}},"fnMap":{"0":{"name":"(anonymous_0)","decl":{"start":{"line":11,"column":50},"end":{"line":11,"column":51}},"loc":{"start":{"line":11,"column":98},"end":{"line":77,"column":null}},"line":11},"1":{"name":"(anonymous_1)","decl":{"start":{"line":12,"column":27},"end":{"line":12,"column":28}},"loc":{"start":{"line":12,"column":48},"end":{"line":15,"column":null}},"line":12},"2":{"name":"(anonymous_2)","decl":{"start":{"line":30,"column":21},"end":{"line":30,"column":27}},"loc":{"start":{"line":30,"column":27},"end":{"line":30,"column":null}},"line":30},"3":{"name":"(anonymous_3)","decl":{"start":{"line":40,"column":44},"end":{"line":40,"column":45}},"loc":{"start":{"line":41,"column":28},"end":{"line":47,"column":null}},"line":41}},"branchMap":{"0":{"loc":{"start":{"line":13,"column":8},"end":{"line":13,"column":null}},"type":"if","locations":[{"start":{"line":13,"column":8},"end":{"line":13,"column":null}},{"start":{},"end":{}}],"line":13},"1":{"loc":{"start":{"line":13,"column":12},"end":{"line":13,"column":50}},"type":"binary-expr","locations":[{"start":{"line":13,"column":12},"end":{"line":13,"column":36}},{"start":{"line":13,"column":36},"end":{"line":13,"column":50}}],"line":13},"2":{"loc":{"start":{"line":14,"column":15},"end":{"line":14,"column":null}},"type":"cond-expr","locations":[{"start":{"line":14,"column":28},"end":{"line":14,"column":45}},{"start":{"line":14,"column":45},"end":{"line":14,"column":null}}],"line":14},"3":{"loc":{"start":{"line":18,"column":4},"end":{"line":22,"column":null}},"type":"if","locations":[{"start":{"line":18,"column":4},"end":{"line":22,"column":null}},{"start":{},"end":{}}],"line":18},"4":{"loc":{"start":{"line":19,"column":8},"end":{"line":19,"column":null}},"type":"if","locations":[{"start":{"line":19,"column":8},"end":{"line":19,"column":null}},{"start":{},"end":{}}],"line":19},"5":{"loc":{"start":{"line":20,"column":8},"end":{"line":20,"column":null}},"type":"if","locations":[{"start":{"line":20,"column":8},"end":{"line":20,"column":null}},{"start":{},"end":{}}],"line":20},"6":{"loc":{"start":{"line":21,"column":8},"end":{"line":21,"column":null}},"type":"if","locations":[{"start":{"line":21,"column":8},"end":{"line":21,"column":null}},{"start":{},"end":{}}],"line":21},"7":{"loc":{"start":{"line":24,"column":47},"end":{"line":24,"column":69}},"type":"binary-expr","locations":[{"start":{"line":24,"column":47},"end":{"line":24,"column":64}},{"start":{"line":24,"column":64},"end":{"line":24,"column":69}}],"line":24},"8":{"loc":{"start":{"line":31,"column":130},"end":{"line":31,"column":null}},"type":"cond-expr","locations":[{"start":{"line":31,"column":143},"end":{"line":31,"column":166}},{"start":{"line":31,"column":166},"end":{"line":31,"column":null}}],"line":31},"9":{"loc":{"start":{"line":38,"column":17},"end":{"line":54,"column":null}},"type":"binary-expr","locations":[{"start":{"line":38,"column":17},"end":{"line":38,"column":null}},{"start":{"line":39,"column":20},"end":{"line":54,"column":null}}],"line":38},"10":{"loc":{"start":{"line":49,"column":25},"end":{"line":52,"column":null}},"type":"binary-expr","locations":[{"start":{"line":49,"column":25},"end":{"line":49,"column":null}},{"start":{"line":50,"column":28},"end":{"line":52,"column":null}}],"line":49},"11":{"loc":{"start":{"line":61,"column":17},"end":{"line":63,"column":null}},"type":"cond-expr","locations":[{"start":{"line":62,"column":22},"end":{"line":62,"column":null}},{"start":{"line":63,"column":22},"end":{"line":63,"column":null}}],"line":61},"12":{"loc":{"start":{"line":62,"column":25},"end":{"line":62,"column":60}},"type":"cond-expr","locations":[{"start":{"line":62,"column":52},"end":{"line":62,"column":58}},{"start":{"line":62,"column":58},"end":{"line":62,"column":60}}],"line":62},"13":{"loc":{"start":{"line":66,"column":46},"end":{"line":66,"column":105}},"type":"cond-expr","locations":[{"start":{"line":66,"column":71},"end":{"line":66,"column":93}},{"start":{"line":66,"column":93},"end":{"line":66,"column":105}}],"line":66},"14":{"loc":{"start":{"line":71,"column":46},"end":{"line":71,"column":106}},"type":"cond-expr","locations":[{"start":{"line":71,"column":68},"end":{"line":71,"column":89}},{"start":{"line":71,"column":89},"end":{"line":71,"column":106}}],"line":71}},"s":{"0":1,"1":1,"2":1,"3":0,"4":1,"5":1,"6":1,"7":1,"8":1,"9":1,"10":1,"11":1,"12":0,"13":1,"14":1,"15":1,"16":1,"17":0,"18":1},"f":{"0":1,"1":1,"2":0,"3":1},"b":{"0":[0,1],"1":[1,1],"2":[1,0],"3":[1,0],"4":[1,0],"5":[1,0],"6":[0,1],"7":[1,1],"8":[0,1],"9":[1,1],"10":[1,1],"11":[1,0],"12":[1,0],"13":[1,0],"14":[1,0]},"meta":{"lastBranch":15,"lastFunction":4,"lastStatement":19,"seen":{"s:11:50:77:Infinity":0,"f:11:50:11:51":0,"s:12:27:15:Infinity":1,"f:12:27:12:28":1,"b:13:8:13:Infinity:undefined:undefined:undefined:undefined":0,"s:13:8:13:Infinity":2,"b:13:12:13:36:13:36:13:50":1,"s:13:50:13:Infinity":3,"s:14:8:14:Infinity":4,"b:14:28:14:45:14:45:14:Infinity":2,"s:17:32:17:Infinity":5,"b:18:4:22:Infinity:undefined:undefined:undefined:undefined":3,"s:18:4:22:Infinity":6,"b:19:8:19:Infinity:undefined:undefined:undefined:undefined":4,"s:19:8:19:Infinity":7,"s:19:38:19:Infinity":8,"b:20:8:20:Infinity:undefined:undefined:undefined:undefined":5,"s:20:8:20:Infinity":9,"s:20:43:20:Infinity":10,"b:21:8:21:Infinity:undefined:undefined:undefined:undefined":6,"s:21:8:21:Infinity":11,"s:21:43:21:Infinity":12,"s:24:23:24:Infinity":13,"b:24:47:24:64:24:64:24:69":7,"s:25:27:25:Infinity":14,"s:26:30:26:Infinity":15,"s:28:4:75:Infinity":16,"f:30:21:30:27":2,"s:30:27:30:Infinity":17,"b:31:143:31:166:31:166:31:Infinity":8,"b:38:17:38:Infinity:39:20:54:Infinity":9,"f:40:44:40:45":3,"s:41:28:47:Infinity":18,"b:49:25:49:Infinity:50:28:52:Infinity":10,"b:62:22:62:Infinity:63:22:63:Infinity":11,"b:62:52:62:58:62:58:62:60":12,"b:66:71:66:93:66:93:66:105":13,"b:71:68:71:89:71:89:71:106":14}}}
}
